<?xml version="1.0" encoding="UTF-8"?>
<!--
  ~ Copyright 2013 greenbird Integration Technology
  ~
  ~ Licensed under the Apache License, Version 2.0 (the "License");
  ~ you may not use this file except in compliance with the License.
  ~ You may obtain a copy of the License at
  ~
  ~    http://www.apache.org/licenses/LICENSE-2.0
  ~
  ~ Unless required by applicable law or agreed to in writing, software
  ~ distributed under the License is distributed on an "AS IS" BASIS,
  ~ WITHOUT WARRANTIES OR CONDITIONS OF ANY KIND, either express or implied.
  ~ See the License for the specific language governing permissions and
  ~ limitations under the License.
  -->

<mule xmlns="http://www.mulesoft.org/schema/mule/core"
      xmlns:xsi="http://www.w3.org/2001/XMLSchema-instance"
      xmlns:s="http://www.springframework.org/schema/beans"
      xmlns:ctx="http://www.springframework.org/schema/context"
      xsi:schemaLocation="
        http://www.mulesoft.org/schema/mule/core http://www.mulesoft.org/schema/mule/core/3.3/mule.xsd
        http://www.springframework.org/schema/beans http://www.springframework.org/schema/beans/spring-beans-3.1.xsd
        http://www.springframework.org/schema/context http://www.springframework.org/schema/context/spring-context-3.1.xsd
        ">

    <s:beans>
        <ctx:component-scan base-package="com.greenbird"/>
    </s:beans>

    <flow name="TestFlow">
        <inbound-endpoint address="vm://test/in"/>
        <outbound-endpoint address="vm://test/out"/>
    </flow>
</mule>